<?xml version="1.0" encoding="UTF-8"?>
<robot generator="Robot 3.1.2 (Python 3.7.4 on win32)" generated="20190820 17:52:28.568" rpa="false">
<suite id="s1" name="TC 002 Forget Password" source="C:\Users\Administrator\Documents\Projects\automation\TC_002_Forget_Password.robot">
<test id="s1-t1" name="TC_001 Open Browser and load the portal">
<kw name="Open Browser and wait until logo is loaded" library="resources">
<kw name="Open Browser" library="SeleniumLibrary">
<doc>Opens a new browser instance to the given ``url``.</doc>
<arguments>
<arg>${url}</arg>
<arg>${browser}</arg>
</arguments>
<msg timestamp="20190820 17:52:28.793" level="INFO">Opening browser 'chrome' to base url 'https://rollkallportal-qa.azurewebsites.net'.</msg>
<status status="PASS" starttime="20190820 17:52:28.793" endtime="20190820 17:52:34.017"></status>
</kw>
<kw name="Page Should Contain Element" library="SeleniumLibrary">
<doc>Verifies that element ``locator`` is found on the current page.</doc>
<arguments>
<arg>${rollkallLogo}</arg>
</arguments>
<msg timestamp="20190820 17:52:34.033" level="INFO">Current page contains element 'xpath =//*[@id="app"]/div/div[1]/div/h1/img'.</msg>
<status status="PASS" starttime="20190820 17:52:34.017" endtime="20190820 17:52:34.034"></status>
</kw>
<kw name="Sleep" library="BuiltIn">
<doc>Pauses the test executed for the given time.</doc>
<arguments>
<arg>2s</arg>
</arguments>
<msg timestamp="20190820 17:52:36.036" level="INFO">Slept 2 seconds</msg>
<status status="PASS" starttime="20190820 17:52:34.034" endtime="20190820 17:52:36.036"></status>
</kw>
<status status="PASS" starttime="20190820 17:52:28.793" endtime="20190820 17:52:36.036"></status>
</kw>
<status status="PASS" starttime="20190820 17:52:28.792" endtime="20190820 17:52:36.036" critical="yes"></status>
</test>
<test id="s1-t2" name="TC_002 Open 'Forget password' form">
<kw name="Click Element" library="SeleniumLibrary">
<doc>Click element identified by ``locator``.</doc>
<arguments>
<arg>${forgetPassLink}</arg>
</arguments>
<msg timestamp="20190820 17:52:36.038" level="INFO">Clicking element 'xpath = //*[@id="app"]/div/div[1]/div/a'.</msg>
<status status="PASS" starttime="20190820 17:52:36.038" endtime="20190820 17:52:36.815"></status>
</kw>
<status status="PASS" starttime="20190820 17:52:36.037" endtime="20190820 17:52:36.816" critical="yes"></status>
</test>
<test id="s1-t3" name="TC_003 Enter email">
<kw name="Input Text" library="SeleniumLibrary">
<doc>Types the given ``text`` into text field identified by ``locator``.</doc>
<arguments>
<arg>${emailInput}</arg>
<arg>zuriel+agency@rollkall.com</arg>
</arguments>
<msg timestamp="20190820 17:52:36.817" level="INFO">Typing text 'zuriel+agency@rollkall.com' into text field 'xpath = //*[@id="Email"]'.</msg>
<status status="PASS" starttime="20190820 17:52:36.817" endtime="20190820 17:52:36.987"></status>
</kw>
<status status="PASS" starttime="20190820 17:52:36.817" endtime="20190820 17:52:36.988" critical="yes"></status>
</test>
<test id="s1-t4" name="TC_004 Submit form">
<kw name="Click Element" library="SeleniumLibrary">
<doc>Click element identified by ``locator``.</doc>
<arguments>
<arg>${sendButton}</arg>
</arguments>
<msg timestamp="20190820 17:52:36.989" level="INFO">Clicking element 'xpath = //*[@id="btnSubmit"]'.</msg>
<status status="PASS" starttime="20190820 17:52:36.989" endtime="20190820 17:52:37.284"></status>
</kw>
<status status="PASS" starttime="20190820 17:52:36.989" endtime="20190820 17:52:37.285" critical="yes"></status>
</test>
<test id="s1-t5" name="TC_005 Sent a reset link page is displayed">
<kw name="Run Keyword If" library="BuiltIn">
<doc>Runs the given keyword with the given arguments, if ``condition`` is true.</doc>
<arguments>
<arg>"${validationSummary}" == 'Invalid Email Address'</arg>
</arguments>
<msg timestamp="20190820 17:52:37.288" level="FAIL">Keyword 'BuiltIn.Run Keyword If' expected at least 2 arguments, got 1.</msg>
<status status="FAIL" starttime="20190820 17:52:37.288" endtime="20190820 17:52:37.288"></status>
</kw>
<status status="FAIL" starttime="20190820 17:52:37.286" endtime="20190820 17:52:37.289" critical="yes">Keyword 'BuiltIn.Run Keyword If' expected at least 2 arguments, got 1.</status>
</test>
<status status="FAIL" starttime="20190820 17:52:28.570" endtime="20190820 17:52:37.290"></status>
</suite>
<statistics>
<total>
<stat pass="4" fail="1">Critical Tests</stat>
<stat pass="4" fail="1">All Tests</stat>
</total>
<tag>
</tag>
<suite>
<stat pass="4" fail="1" id="s1" name="TC 002 Forget Password">TC 002 Forget Password</stat>
</suite>
</statistics>
<errors>
</errors>
</robot>
