<?xml version="1.0" encoding="UTF-8"?>
<robot generator="Robot 3.1.2 (Python 3.7.4 on win32)" generated="20190819 12:37:17.003" rpa="false">
<suite id="s1" name="TC 002 Forget Password" source="C:\Users\Administrator\Documents\Projects\automation\TC_002_Forget_Password.robot">
<test id="s1-t1" name="TC_001 Forget_Password">
<kw name="Open Browser and wait until logo is loaded" library="resources">
<kw name="Open Browser" library="SeleniumLibrary">
<doc>Opens a new browser instance to the given ``url``.</doc>
<arguments>
<arg>${url}</arg>
<arg>${browser}</arg>
</arguments>
<msg timestamp="20190819 12:37:17.323" level="INFO">Opening browser 'chrome' to base url 'https://rollkallportal-qa.azurewebsites.net'.</msg>
<status status="PASS" starttime="20190819 12:37:17.322" endtime="20190819 12:37:23.280"></status>
</kw>
<kw name="Page Should Contain Element" library="SeleniumLibrary">
<doc>Verifies that element ``locator`` is found on the current page.</doc>
<arguments>
<arg>${rollkallLogo}</arg>
</arguments>
<msg timestamp="20190819 12:37:23.304" level="INFO">Current page contains element 'xpath =//*[@id="app"]/div/div[1]/div/h1/img'.</msg>
<status status="PASS" starttime="20190819 12:37:23.281" endtime="20190819 12:37:23.304"></status>
</kw>
<status status="PASS" starttime="20190819 12:37:17.322" endtime="20190819 12:37:23.305"></status>
</kw>
<kw name="Click Element" library="SeleniumLibrary">
<doc>Click element identified by ``locator``.</doc>
<arguments>
<arg>${forgetPassLink}</arg>
</arguments>
<msg timestamp="20190819 12:37:23.306" level="INFO">Clicking element 'xpath = //*[@id="app"]/div/div[1]/div/a'.</msg>
<status status="PASS" starttime="20190819 12:37:23.305" endtime="20190819 12:37:24.250"></status>
</kw>
<kw name="Input Text" library="SeleniumLibrary">
<doc>Types the given ``text`` into text field identified by ``locator``.</doc>
<arguments>
<arg>${emailInput}</arg>
<arg>fakeuser3007@yopmail.com</arg>
</arguments>
<msg timestamp="20190819 12:37:24.251" level="INFO">Typing text 'fakeuser3007@yopmail.com' into text field 'xpath = //*[@id="Email"]'.</msg>
<status status="PASS" starttime="20190819 12:37:24.251" endtime="20190819 12:37:24.444"></status>
</kw>
<kw name="Click Element" library="SeleniumLibrary">
<doc>Click element identified by ``locator``.</doc>
<arguments>
<arg>${sendButton}</arg>
</arguments>
<msg timestamp="20190819 12:37:24.445" level="INFO">Clicking element 'xpath = //*[@id="btnSubmit"]'.</msg>
<status status="PASS" starttime="20190819 12:37:24.445" endtime="20190819 12:37:24.780"></status>
</kw>
<kw name="Wait Until Page Contains" library="SeleniumLibrary">
<doc>Waits until ``text`` appears on current page.</doc>
<arguments>
<arg>Forgot Password</arg>
</arguments>
<status status="PASS" starttime="20190819 12:37:24.781" endtime="20190819 12:37:24.807"></status>
</kw>
<kw name="Sleep" library="BuiltIn">
<doc>Pauses the test executed for the given time.</doc>
<arguments>
<arg>3s</arg>
</arguments>
<msg timestamp="20190819 12:37:27.809" level="INFO">Slept 3 seconds</msg>
<status status="PASS" starttime="20190819 12:37:24.808" endtime="20190819 12:37:27.810"></status>
</kw>
<status status="PASS" starttime="20190819 12:37:17.322" endtime="20190819 12:37:27.812" critical="yes"></status>
</test>
<status status="PASS" starttime="20190819 12:37:17.005" endtime="20190819 12:37:27.818"></status>
</suite>
<statistics>
<total>
<stat pass="1" fail="0">Critical Tests</stat>
<stat pass="1" fail="0">All Tests</stat>
</total>
<tag>
</tag>
<suite>
<stat pass="1" fail="0" id="s1" name="TC 002 Forget Password">TC 002 Forget Password</stat>
</suite>
</statistics>
<errors>
</errors>
</robot>
