<?xml version="1.0" encoding="UTF-8"?>
<robot generator="Robot 3.1.2 (Python 3.7.4 on win32)" generated="20190819 17:47:34.434" rpa="false">
<suite id="s1" name="TC 003 Agency SignUp" source="C:\Users\Administrator\Documents\Projects\automation\TC_003_Agency_SignUp.robot">
<test id="s1-t1" name="TC_001 Login page open">
<kw name="Open Browser and wait until logo is loaded" library="resources">
<kw name="Open Browser" library="SeleniumLibrary">
<doc>Opens a new browser instance to the given ``url``.</doc>
<arguments>
<arg>${url}</arg>
<arg>${browser}</arg>
</arguments>
<msg timestamp="20190819 17:47:34.708" level="INFO">Opening browser 'chrome' to base url 'https://rollkallportal-qa.azurewebsites.net'.</msg>
<status status="PASS" starttime="20190819 17:47:34.708" endtime="20190819 17:47:42.443"></status>
</kw>
<kw name="Page Should Contain Element" library="SeleniumLibrary">
<doc>Verifies that element ``locator`` is found on the current page.</doc>
<arguments>
<arg>${rollkallLogo}</arg>
</arguments>
<msg timestamp="20190819 17:47:42.466" level="INFO">Current page contains element 'xpath =//*[@id="app"]/div/div[1]/div/h1/img'.</msg>
<status status="PASS" starttime="20190819 17:47:42.443" endtime="20190819 17:47:42.466"></status>
</kw>
<status status="PASS" starttime="20190819 17:47:34.707" endtime="20190819 17:47:42.466"></status>
</kw>
<kw name="Click Element" library="SeleniumLibrary">
<doc>Click element identified by ``locator``.</doc>
<arguments>
<arg>${signbutton}</arg>
</arguments>
<msg timestamp="20190819 17:47:42.467" level="INFO">Clicking element 'xpath = //*[@id="app"]/div/div[1]/div/div/a'.</msg>
<status status="PASS" starttime="20190819 17:47:42.467" endtime="20190819 17:47:42.703"></status>
</kw>
<kw name="Input Text" library="SeleniumLibrary">
<doc>Types the given ``text`` into text field identified by ``locator``.</doc>
<arguments>
<arg>${agencyNameInput}</arg>
<arg>Agency Automation</arg>
</arguments>
<msg timestamp="20190819 17:47:42.705" level="INFO">Typing text 'Agency Automation' into text field 'css = #app &gt; div &gt; div.top-0.flex-center.bg-primary.padding-top-42.padding-bottom-42 &gt; div &gt; div &gt; div:nth-child(4) &gt; input[type=text]'.</msg>
<status status="PASS" starttime="20190819 17:47:42.704" endtime="20190819 17:47:43.235"></status>
</kw>
<kw name="Input Text" library="SeleniumLibrary">
<doc>Types the given ``text`` into text field identified by ``locator``.</doc>
<arguments>
<arg>${firstNameInput}</arg>
<arg>Charles</arg>
</arguments>
<msg timestamp="20190819 17:47:43.237" level="INFO">Typing text 'Charles' into text field 'css = #app &gt; div &gt; div.top-0.flex-center.bg-primary.padding-top-42.padding-bottom-42 &gt; div &gt; div &gt; div:nth-child(5) &gt; input[type=text]'.</msg>
<status status="PASS" starttime="20190819 17:47:43.237" endtime="20190819 17:47:43.454"></status>
</kw>
<kw name="Input Text" library="SeleniumLibrary">
<doc>Types the given ``text`` into text field identified by ``locator``.</doc>
<arguments>
<arg>${lastNameInput}</arg>
<arg>Wallace</arg>
</arguments>
<msg timestamp="20190819 17:47:43.455" level="INFO">Typing text 'Wallace' into text field 'css = #app &gt; div &gt; div.top-0.flex-center.bg-primary.padding-top-42.padding-bottom-42 &gt; div &gt; div &gt; div:nth-child(6) &gt; input[type=text]'.</msg>
<status status="PASS" starttime="20190819 17:47:43.454" endtime="20190819 17:47:43.680"></status>
</kw>
<kw name="Input Text" library="SeleniumLibrary">
<doc>Types the given ``text`` into text field identified by ``locator``.</doc>
<arguments>
<arg>${emailInput}</arg>
<arg>testemail@yopmail.com</arg>
</arguments>
<msg timestamp="20190819 17:47:43.680" level="INFO">Typing text 'testemail@yopmail.com' into text field 'css = #app &gt; div &gt; div.top-0.flex-center.bg-primary.padding-top-42.padding-bottom-42 &gt; div &gt; div &gt; div:nth-child(7) &gt; input[type=text]'.</msg>
<status status="PASS" starttime="20190819 17:47:43.680" endtime="20190819 17:47:44.125"></status>
</kw>
<kw name="Input Text" library="SeleniumLibrary">
<doc>Types the given ``text`` into text field identified by ``locator``.</doc>
<arguments>
<arg>${phoneNumberInput}</arg>
<arg>214-362-1842</arg>
</arguments>
<msg timestamp="20190819 17:47:44.127" level="INFO">Typing text '214-362-1842' into text field 'css = #app &gt; div &gt; div.top-0.flex-center.bg-primary.padding-top-42.padding-bottom-42 &gt; div &gt; div &gt; div:nth-child(8) &gt; input[type=tel]'.</msg>
<status status="PASS" starttime="20190819 17:47:44.126" endtime="20190819 17:47:44.422"></status>
</kw>
<kw name="Input Text" library="SeleniumLibrary">
<doc>Types the given ``text`` into text field identified by ``locator``.</doc>
<arguments>
<arg>${addInput}</arg>
<arg>1867ErselStreet</arg>
</arguments>
<msg timestamp="20190819 17:47:44.424" level="INFO">Typing text '1867ErselStreet' into text field 'css = #app &gt; div &gt; div.top-0.flex-center.bg-primary.padding-top-42.padding-bottom-42 &gt; div &gt; div &gt; div:nth-child(9)&gt; input[type=text]'.</msg>
<status status="PASS" starttime="20190819 17:47:44.423" endtime="20190819 17:47:44.763"></status>
</kw>
<kw name="Input Text" library="SeleniumLibrary">
<doc>Types the given ``text`` into text field identified by ``locator``.</doc>
<arguments>
<arg>${citInput}</arg>
<arg>Plano</arg>
</arguments>
<msg timestamp="20190819 17:47:44.764" level="INFO">Typing text 'Plano' into text field 'css = #app &gt; div &gt; div.top-0.flex-center.bg-primary.padding-top-42.padding-bottom-42 &gt; div &gt; div &gt; div:nth-child(10) &gt; input[type=text]'.</msg>
<status status="PASS" starttime="20190819 17:47:44.763" endtime="20190819 17:47:44.926"></status>
</kw>
<kw name="Click Element" library="SeleniumLibrary">
<doc>Click element identified by ``locator``.</doc>
<arguments>
<arg>${stateSelect}</arg>
</arguments>
<msg timestamp="20190819 17:47:44.928" level="INFO">Clicking element 'css = #app &gt; div &gt; div.top-0.flex-center.bg-primary.padding-top-42.padding-bottom-42 &gt; div &gt; div &gt; div.row &gt; div.col-md-8 &gt; div &gt; div'.</msg>
<status status="PASS" starttime="20190819 17:47:44.928" endtime="20190819 17:47:45.115"></status>
</kw>
<kw name="Input Text" library="SeleniumLibrary">
<doc>Types the given ``text`` into text field identified by ``locator``.</doc>
<arguments>
<arg>${autoCompleteSelect}</arg>
<arg>Texas</arg>
</arguments>
<msg timestamp="20190819 17:47:45.117" level="INFO">Typing text 'Texas' into text field 'css = #react-select-2-input'.</msg>
<status status="PASS" starttime="20190819 17:47:45.117" endtime="20190819 17:47:45.354"></status>
</kw>
<kw name="Page Should Contain Element" library="SeleniumLibrary">
<doc>Verifies that element ``locator`` is found on the current page.</doc>
<arguments>
<arg>${statesList}</arg>
</arguments>
<msg timestamp="20190819 17:47:45.379" level="INFO">Current page contains element 'css = #app &gt; div &gt; div.top-0.flex-center.bg-primary.padding-top-42.padding-bottom-42 &gt; div &gt; div &gt; div.row &gt; div.col-md-8 &gt; div &gt; div &gt; div &gt; div.react-select__value-container.css-1hwfws3 &gt; div.css-1g6gooi &gt; div &gt; div'.</msg>
<status status="PASS" starttime="20190819 17:47:45.355" endtime="20190819 17:47:45.379"></status>
</kw>
<kw name="Press Keys" library="SeleniumLibrary">
<doc>Simulates user pressing key(s) to an element or on the active browser.</doc>
<arguments>
<arg>None</arg>
<arg>ALT+ARROW_DOWN+RETURN</arg>
</arguments>
<msg timestamp="20190819 17:47:45.380" level="INFO">Sending key(s) ('ALT+ARROW_DOWN+RETURN',) to page.</msg>
<msg timestamp="20190819 17:47:45.380" level="INFO">Pressing special key ALT down.</msg>
<msg timestamp="20190819 17:47:45.380" level="INFO">Pressing special key ARROW_DOWN down.</msg>
<msg timestamp="20190819 17:47:45.380" level="INFO">Pressing special key RETURN down.</msg>
<msg timestamp="20190819 17:47:45.380" level="INFO">Releasing special key ALT.</msg>
<msg timestamp="20190819 17:47:45.381" level="INFO">Releasing special key ARROW_DOWN.</msg>
<msg timestamp="20190819 17:47:45.381" level="INFO">Releasing special key RETURN.</msg>
<status status="PASS" starttime="20190819 17:47:45.380" endtime="20190819 17:47:45.430"></status>
</kw>
<kw name="Input Text" library="SeleniumLibrary">
<doc>Types the given ``text`` into text field identified by ``locator``.</doc>
<arguments>
<arg>${zipinput}</arg>
<arg>75074</arg>
</arguments>
<msg timestamp="20190819 17:47:45.431" level="INFO">Typing text '75074' into text field 'css = #app &gt; div &gt; div.top-0.flex-center.bg-primary.padding-top-42.padding-bottom-42 &gt; div &gt; div &gt; div.row &gt; div.col-md-4 &gt; div &gt; input[type=text]'.</msg>
<status status="PASS" starttime="20190819 17:47:45.431" endtime="20190819 17:47:45.654"></status>
</kw>
<kw name="Input Text" library="SeleniumLibrary">
<doc>Types the given ``text`` into text field identified by ``locator``.</doc>
<arguments>
<arg>${passInput}</arg>
<arg>test123</arg>
</arguments>
<msg timestamp="20190819 17:47:45.655" level="INFO">Typing text 'test123' into text field 'css = #app &gt; div &gt; div.top-0.flex-center.bg-primary.padding-top-42.padding-bottom-42 &gt; div &gt; div &gt; div:nth-child(12) &gt; input[type=password]'.</msg>
<status status="PASS" starttime="20190819 17:47:45.655" endtime="20190819 17:47:45.895"></status>
</kw>
<kw name="Input Text" library="SeleniumLibrary">
<doc>Types the given ``text`` into text field identified by ``locator``.</doc>
<arguments>
<arg>${confirmPass}</arg>
<arg>test123</arg>
</arguments>
<msg timestamp="20190819 17:47:45.896" level="INFO">Typing text 'test123' into text field 'css = #app &gt; div &gt; div.top-0.flex-center.bg-primary.padding-top-42.padding-bottom-42 &gt; div &gt; div &gt; div:nth-child(13) &gt; input[type=password]'.</msg>
<status status="PASS" starttime="20190819 17:47:45.896" endtime="20190819 17:47:46.092"></status>
</kw>
<kw name="Click Element" library="SeleniumLibrary">
<doc>Click element identified by ``locator``.</doc>
<arguments>
<arg>${iAgreeCheck}</arg>
</arguments>
<msg timestamp="20190819 17:47:46.093" level="INFO">Clicking element 'css = #app &gt; div &gt; div.top-0.flex-center.bg-primary.padding-top-42.padding-bottom-42 &gt; div &gt; div &gt; div:nth-child(16) &gt; div &gt; label &gt; input[type=checkbox]'.</msg>
<status status="PASS" starttime="20190819 17:47:46.092" endtime="20190819 17:47:46.180"></status>
</kw>
<kw name="Sleep" library="BuiltIn">
<doc>Pauses the test executed for the given time.</doc>
<arguments>
<arg>5s</arg>
</arguments>
<msg timestamp="20190819 17:47:51.183" level="INFO">Slept 5 seconds</msg>
<status status="PASS" starttime="20190819 17:47:46.181" endtime="20190819 17:47:51.183"></status>
</kw>
<kw name="Click Element" library="SeleniumLibrary">
<doc>Click element identified by ``locator``.</doc>
<arguments>
<arg>${submitButton}</arg>
</arguments>
<msg timestamp="20190819 17:47:51.184" level="INFO">Clicking element 'xpath = //*[@id="app"]/div/div[1]/div/div/div[13]/button'.</msg>
<status status="PASS" starttime="20190819 17:47:51.184" endtime="20190819 17:47:51.307"></status>
</kw>
<kw name="Page Should Contain Element" library="SeleniumLibrary">
<doc>Verifies that element ``locator`` is found on the current page.</doc>
<arguments>
<arg>${thanksParagraph}</arg>
</arguments>
<msg timestamp="20190819 17:47:51.331" level="INFO">Current page contains element 'xpath = //*[@id="app"]/div/div[1]/div/div'.</msg>
<status status="PASS" starttime="20190819 17:47:51.308" endtime="20190819 17:47:51.331"></status>
</kw>
<status status="PASS" starttime="20190819 17:47:34.707" endtime="20190819 17:47:51.332" critical="yes"></status>
</test>
<status status="PASS" starttime="20190819 17:47:34.436" endtime="20190819 17:47:51.334"></status>
</suite>
<statistics>
<total>
<stat pass="1" fail="0">Critical Tests</stat>
<stat pass="1" fail="0">All Tests</stat>
</total>
<tag>
</tag>
<suite>
<stat pass="1" fail="0" id="s1" name="TC 003 Agency SignUp">TC 003 Agency SignUp</stat>
</suite>
</statistics>
<errors>
</errors>
</robot>
